<?xml version="1.0" encoding="UTF-8"?>
<coverage generated="1654637695583" clover="3.2.0">
  <project timestamp="1654637695583" name="All files">
    <metrics statements="62" coveredstatements="62" conditionals="12" coveredconditionals="11" methods="43" coveredmethods="22" elements="117" coveredelements="95" complexity="0" loc="62" ncloc="62" packages="9" files="9" classes="9"/>
    <package name="atoms.Button">
      <metrics statements="3" coveredstatements="3" conditionals="0" coveredconditionals="0" methods="1" coveredmethods="1"/>
      <file name="index.tsx" path="/home/viswak/Desktop/Projects/react-assignments/assignment3/src/components/atoms/Button/index.tsx">
        <metrics statements="3" coveredstatements="3" conditionals="0" coveredconditionals="0" methods="1" coveredmethods="1"/>
        <line num="50" count="4" type="stmt"/>
        <line num="58" count="4" type="stmt"/>
        <line num="59" count="75" type="stmt"/>
      </file>
    </package>
    <package name="atoms.Icon">
      <metrics statements="2" coveredstatements="2" conditionals="0" coveredconditionals="0" methods="1" coveredmethods="1"/>
      <file name="index.tsx" path="/home/viswak/Desktop/Projects/react-assignments/assignment3/src/components/atoms/Icon/index.tsx">
        <metrics statements="2" coveredstatements="2" conditionals="0" coveredconditionals="0" methods="1" coveredmethods="1"/>
        <line num="11" count="4" type="stmt"/>
        <line num="12" count="213" type="stmt"/>
      </file>
    </package>
    <package name="atoms.Image">
      <metrics statements="2" coveredstatements="2" conditionals="0" coveredconditionals="0" methods="1" coveredmethods="1"/>
      <file name="index.tsx" path="/home/viswak/Desktop/Projects/react-assignments/assignment3/src/components/atoms/Image/index.tsx">
        <metrics statements="2" coveredstatements="2" conditionals="0" coveredconditionals="0" methods="1" coveredmethods="1"/>
        <line num="9" count="3" type="stmt"/>
        <line num="10" count="11" type="stmt"/>
      </file>
    </package>
    <package name="molecules.Avatar">
      <metrics statements="19" coveredstatements="19" conditionals="4" coveredconditionals="4" methods="3" coveredmethods="3"/>
      <file name="index.tsx" path="/home/viswak/Desktop/Projects/react-assignments/assignment3/src/components/molecules/Avatar/index.tsx">
        <metrics statements="19" coveredstatements="19" conditionals="4" coveredconditionals="4" methods="3" coveredmethods="3"/>
        <line num="10" count="3" type="stmt"/>
        <line num="11" count="1" type="stmt"/>
        <line num="14" count="1" type="stmt"/>
        <line num="15" count="15" type="stmt"/>
        <line num="18" count="1" type="stmt"/>
        <line num="20" count="1" type="stmt"/>
        <line num="21" count="3" type="stmt"/>
        <line num="22" count="3" type="stmt"/>
        <line num="25" count="1" type="stmt"/>
        <line num="28" count="3" type="stmt"/>
        <line num="29" count="33" type="stmt"/>
        <line num="30" count="33" type="cond" truecount="2" falsecount="0"/>
        <line num="31" count="4" type="stmt"/>
        <line num="33" count="29" type="stmt"/>
        <line num="35" count="33" type="stmt"/>
        <line num="40" count="3" type="stmt"/>
        <line num="41" count="33" type="cond" truecount="2" falsecount="0"/>
        <line num="42" count="1" type="stmt"/>
        <line num="44" count="33" type="stmt"/>
      </file>
    </package>
    <package name="molecules.Footer">
      <metrics statements="1" coveredstatements="1" conditionals="0" coveredconditionals="0" methods="1" coveredmethods="1"/>
      <file name="index.tsx" path="/home/viswak/Desktop/Projects/react-assignments/assignment3/src/components/molecules/Footer/index.tsx">
        <metrics statements="1" coveredstatements="1" conditionals="0" coveredconditionals="0" methods="1" coveredmethods="1"/>
        <line num="7" count="2" type="stmt"/>
      </file>
    </package>
    <package name="molecules.TextField">
      <metrics statements="2" coveredstatements="2" conditionals="0" coveredconditionals="0" methods="1" coveredmethods="1"/>
      <file name="index.tsx" path="/home/viswak/Desktop/Projects/react-assignments/assignment3/src/components/molecules/TextField/index.tsx">
        <metrics statements="2" coveredstatements="2" conditionals="0" coveredconditionals="0" methods="1" coveredmethods="1"/>
        <line num="12" count="2" type="stmt"/>
        <line num="13" count="2" type="stmt"/>
      </file>
    </package>
    <package name="organisms.AppBar">
      <metrics statements="17" coveredstatements="17" conditionals="0" coveredconditionals="0" methods="29" coveredmethods="10"/>
      <file name="index.tsx" path="/home/viswak/Desktop/Projects/react-assignments/assignment3/src/components/organisms/AppBar/index.tsx">
        <metrics statements="17" coveredstatements="17" conditionals="0" coveredconditionals="0" methods="29" coveredmethods="10"/>
        <line num="49" count="2" type="stmt"/>
        <line num="61" count="2" type="stmt"/>
        <line num="63" count="19" type="stmt"/>
        <line num="64" count="19" type="stmt"/>
        <line num="65" count="19" type="stmt"/>
        <line num="67" count="19" type="stmt"/>
        <line num="69" count="19" type="stmt"/>
        <line num="71" count="19" type="stmt"/>
        <line num="72" count="1" type="stmt"/>
        <line num="74" count="19" type="stmt"/>
        <line num="75" count="1" type="stmt"/>
        <line num="78" count="19" type="stmt"/>
        <line num="113" count="1" type="stmt"/>
        <line num="126" count="1" type="stmt"/>
        <line num="151" count="1" type="stmt"/>
        <line num="255" count="5" type="stmt"/>
        <line num="268" count="1" type="stmt"/>
      </file>
    </package>
    <package name="organisms.Card">
      <metrics statements="15" coveredstatements="15" conditionals="8" coveredconditionals="7" methods="5" coveredmethods="3"/>
      <file name="index.tsx" path="/home/viswak/Desktop/Projects/react-assignments/assignment3/src/components/organisms/Card/index.tsx">
        <metrics statements="15" coveredstatements="15" conditionals="8" coveredconditionals="7" methods="5" coveredmethods="3"/>
        <line num="25" count="2" type="stmt"/>
        <line num="26" count="10" type="stmt"/>
        <line num="28" count="10" type="stmt"/>
        <line num="29" count="1" type="stmt"/>
        <line num="31" count="10" type="stmt"/>
        <line num="32" count="1" type="stmt"/>
        <line num="36" count="10" type="cond" truecount="2" falsecount="0"/>
        <line num="37" count="1" type="stmt"/>
        <line num="43" count="9" type="cond" truecount="2" falsecount="0"/>
        <line num="44" count="2" type="stmt"/>
        <line num="57" count="7" type="cond" truecount="2" falsecount="0"/>
        <line num="58" count="2" type="stmt"/>
        <line num="72" count="5" type="cond" truecount="1" falsecount="1"/>
        <line num="73" count="5" type="stmt"/>
        <line num="88" count="10" type="stmt"/>
      </file>
    </package>
    <package name="templates.BlinkistTemplate">
      <metrics statements="1" coveredstatements="1" conditionals="0" coveredconditionals="0" methods="1" coveredmethods="1"/>
      <file name="index.tsx" path="/home/viswak/Desktop/Projects/react-assignments/assignment3/src/components/templates/BlinkistTemplate/index.tsx">
        <metrics statements="1" coveredstatements="1" conditionals="0" coveredconditionals="0" methods="1" coveredmethods="1"/>
        <line num="11" count="1" type="stmt"/>
      </file>
    </package>
  </project>
</coverage>
