{"/home/viswak/Desktop/Projects/react-assignments/assignment3/src/components/atoms/Button/index.tsx": {"path":"/home/viswak/Desktop/Projects/react-assignments/assignment3/src/components/atoms/Button/index.tsx","statementMap":{"0":{"start":{"line":50,"column":21},"end":{"line":54,"column":2}},"1":{"start":{"line":58,"column":15},"end":{"line":64,"column":1}},"2":{"start":{"line":59,"column":2},"end":{"line":63,"column":4}}},"fnMap":{"0":{"name":"(anonymous_0)","decl":{"start":{"line":58,"column":15},"end":{"line":58,"column":16}},"loc":{"start":{"line":58,"column":56},"end":{"line":64,"column":1}},"line":58}},"branchMap":{},"s":{"0":4,"1":4,"2":75},"f":{"0":75},"b":{},"_coverageSchema":"1a1c01bbd47fc00a2c39e90264f33305004495a9","hash":"492cd75e186b4892fc730e79d5956fbcfadbfe21"}
,"/home/viswak/Desktop/Projects/react-assignments/assignment3/src/components/atoms/Icon/index.tsx": {"path":"/home/viswak/Desktop/Projects/react-assignments/assignment3/src/components/atoms/Icon/index.tsx","statementMap":{"0":{"start":{"line":11,"column":22},"end":{"line":20,"column":1}},"1":{"start":{"line":12,"column":2},"end":{"line":19,"column":3}}},"fnMap":{"0":{"name":"(anonymous_0)","decl":{"start":{"line":11,"column":22},"end":{"line":11,"column":23}},"loc":{"start":{"line":11,"column":70},"end":{"line":20,"column":1}},"line":11}},"branchMap":{},"s":{"0":4,"1":213},"f":{"0":213},"b":{},"_coverageSchema":"1a1c01bbd47fc00a2c39e90264f33305004495a9","hash":"dd562c0a11cec41e0ed2b5b54bdbc1daca63bc92"}
,"/home/viswak/Desktop/Projects/react-assignments/assignment3/src/components/atoms/Image/index.tsx": {"path":"/home/viswak/Desktop/Projects/react-assignments/assignment3/src/components/atoms/Image/index.tsx","statementMap":{"0":{"start":{"line":9,"column":23},"end":{"line":20,"column":1}},"1":{"start":{"line":10,"column":2},"end":{"line":19,"column":3}}},"fnMap":{"0":{"name":"(anonymous_0)","decl":{"start":{"line":9,"column":23},"end":{"line":9,"column":24}},"loc":{"start":{"line":9,"column":54},"end":{"line":20,"column":1}},"line":9}},"branchMap":{},"s":{"0":3,"1":11},"f":{"0":11},"b":{},"_coverageSchema":"1a1c01bbd47fc00a2c39e90264f33305004495a9","hash":"626e24d90a30bfe7a4def59fec40cb4f6980c788"}
,"/home/viswak/Desktop/Projects/react-assignments/assignment3/src/components/molecules/Avatar/index.tsx": {"path":"/home/viswak/Desktop/Projects/react-assignments/assignment3/src/components/molecules/Avatar/index.tsx","statementMap":{"0":{"start":{"line":10,"column":22},"end":{"line":26,"column":1}},"1":{"start":{"line":11,"column":13},"end":{"line":11,"column":14}},"2":{"start":{"line":14,"column":2},"end":{"line":16,"column":3}},"3":{"start":{"line":15,"column":4},"end":{"line":15,"column":55}},"4":{"start":{"line":18,"column":14},"end":{"line":18,"column":17}},"5":{"start":{"line":20,"column":2},"end":{"line":23,"column":3}},"6":{"start":{"line":21,"column":18},"end":{"line":21,"column":42}},"7":{"start":{"line":22,"column":4},"end":{"line":22,"column":49}},"8":{"start":{"line":25,"column":2},"end":{"line":25,"column":15}},"9":{"start":{"line":28,"column":21},"end":{"line":38,"column":1}},"10":{"start":{"line":29,"column":12},"end":{"line":29,"column":14}},"11":{"start":{"line":30,"column":2},"end":{"line":34,"column":3}},"12":{"start":{"line":31,"column":4},"end":{"line":31,"column":60}},"13":{"start":{"line":33,"column":4},"end":{"line":33,"column":25}},"14":{"start":{"line":35,"column":2},"end":{"line":37,"column":4}},"15":{"start":{"line":40,"column":24},"end":{"line":50,"column":1}},"16":{"start":{"line":41,"column":2},"end":{"line":43,"column":3}},"17":{"start":{"line":42,"column":4},"end":{"line":42,"column":35}},"18":{"start":{"line":44,"column":2},"end":{"line":49,"column":3}}},"fnMap":{"0":{"name":"(anonymous_0)","decl":{"start":{"line":10,"column":22},"end":{"line":10,"column":23}},"loc":{"start":{"line":10,"column":42},"end":{"line":26,"column":1}},"line":10},"1":{"name":"(anonymous_1)","decl":{"start":{"line":28,"column":21},"end":{"line":28,"column":22}},"loc":{"start":{"line":28,"column":39},"end":{"line":38,"column":1}},"line":28},"2":{"name":"(anonymous_2)","decl":{"start":{"line":40,"column":24},"end":{"line":40,"column":25}},"loc":{"start":{"line":40,"column":66},"end":{"line":50,"column":1}},"line":40}},"branchMap":{"0":{"loc":{"start":{"line":30,"column":2},"end":{"line":34,"column":3}},"type":"if","locations":[{"start":{"line":30,"column":2},"end":{"line":34,"column":3}},{"start":{"line":32,"column":7},"end":{"line":34,"column":3}}],"line":30},"1":{"loc":{"start":{"line":41,"column":2},"end":{"line":43,"column":3}},"type":"if","locations":[{"start":{"line":41,"column":2},"end":{"line":43,"column":3}},{"start":{},"end":{}}],"line":41}},"s":{"0":3,"1":1,"2":1,"3":15,"4":1,"5":1,"6":3,"7":3,"8":1,"9":3,"10":33,"11":33,"12":4,"13":29,"14":33,"15":3,"16":33,"17":1,"18":33},"f":{"0":1,"1":33,"2":33},"b":{"0":[4,29],"1":[1,32]},"_coverageSchema":"1a1c01bbd47fc00a2c39e90264f33305004495a9","hash":"ca961deaa1be6882676dba7d8ab024fe0c2d3a5f"}
,"/home/viswak/Desktop/Projects/react-assignments/assignment3/src/components/molecules/Footer/index.tsx": {"path":"/home/viswak/Desktop/Projects/react-assignments/assignment3/src/components/molecules/Footer/index.tsx","statementMap":{"0":{"start":{"line":7,"column":2},"end":{"line":60,"column":3}}},"fnMap":{"0":{"name":"FooterComponent","decl":{"start":{"line":6,"column":9},"end":{"line":6,"column":24}},"loc":{"start":{"line":6,"column":27},"end":{"line":61,"column":1}},"line":6}},"branchMap":{},"s":{"0":2},"f":{"0":2},"b":{},"_coverageSchema":"1a1c01bbd47fc00a2c39e90264f33305004495a9","hash":"2e45cb8ea9d933afbad6a08b3611534900ec39d9"}
,"/home/viswak/Desktop/Projects/react-assignments/assignment3/src/components/molecules/TextField/index.tsx": {"path":"/home/viswak/Desktop/Projects/react-assignments/assignment3/src/components/molecules/TextField/index.tsx","statementMap":{"0":{"start":{"line":12,"column":27},"end":{"line":29,"column":1}},"1":{"start":{"line":13,"column":2},"end":{"line":28,"column":3}}},"fnMap":{"0":{"name":"(anonymous_0)","decl":{"start":{"line":12,"column":27},"end":{"line":12,"column":28}},"loc":{"start":{"line":12,"column":90},"end":{"line":29,"column":1}},"line":12}},"branchMap":{},"s":{"0":2,"1":2},"f":{"0":2},"b":{},"_coverageSchema":"1a1c01bbd47fc00a2c39e90264f33305004495a9","hash":"ec4201de45c9c6356fe7f49eff8c27393595ff18"}
,"/home/viswak/Desktop/Projects/react-assignments/assignment3/src/components/organisms/AppBar/index.tsx": {"path":"/home/viswak/Desktop/Projects/react-assignments/assignment3/src/components/organisms/AppBar/index.tsx","statementMap":{"0":{"start":{"line":49,"column":14},"end":{"line":59,"column":1}},"1":{"start":{"line":61,"column":24},"end":{"line":283,"column":1}},"2":{"start":{"line":63,"column":26},"end":{"line":63,"column":47}},"3":{"start":{"line":64,"column":21},"end":{"line":64,"column":40}},"4":{"start":{"line":64,"column":27},"end":{"line":64,"column":40}},"5":{"start":{"line":65,"column":22},"end":{"line":65,"column":42}},"6":{"start":{"line":65,"column":28},"end":{"line":65,"column":42}},"7":{"start":{"line":67,"column":19},"end":{"line":67,"column":32}},"8":{"start":{"line":69,"column":28},"end":{"line":69,"column":79}},"9":{"start":{"line":71,"column":18},"end":{"line":73,"column":3}},"10":{"start":{"line":72,"column":4},"end":{"line":72,"column":25}},"11":{"start":{"line":74,"column":19},"end":{"line":76,"column":3}},"12":{"start":{"line":75,"column":4},"end":{"line":75,"column":23}},"13":{"start":{"line":78,"column":2},"end":{"line":282,"column":4}},"14":{"start":{"line":113,"column":27},"end":{"line":113,"column":40}},"15":{"start":{"line":126,"column":30},"end":{"line":126,"column":53}},"16":{"start":{"line":151,"column":125},"end":{"line":151,"column":154}},"17":{"start":{"line":255,"column":27},"end":{"line":255,"column":39}},"18":{"start":{"line":268,"column":30},"end":{"line":268,"column":53}}},"fnMap":{"0":{"name":"(anonymous_0)","decl":{"start":{"line":61,"column":24},"end":{"line":61,"column":25}},"loc":{"start":{"line":61,"column":30},"end":{"line":283,"column":1}},"line":61},"1":{"name":"(anonymous_1)","decl":{"start":{"line":64,"column":21},"end":{"line":64,"column":22}},"loc":{"start":{"line":64,"column":27},"end":{"line":64,"column":40}},"line":64},"2":{"name":"(anonymous_2)","decl":{"start":{"line":65,"column":22},"end":{"line":65,"column":23}},"loc":{"start":{"line":65,"column":28},"end":{"line":65,"column":42}},"line":65},"3":{"name":"(anonymous_3)","decl":{"start":{"line":71,"column":18},"end":{"line":71,"column":19}},"loc":{"start":{"line":71,"column":62},"end":{"line":73,"column":3}},"line":71},"4":{"name":"(anonymous_4)","decl":{"start":{"line":74,"column":19},"end":{"line":74,"column":20}},"loc":{"start":{"line":74,"column":63},"end":{"line":76,"column":3}},"line":74},"5":{"name":"(anonymous_5)","decl":{"start":{"line":101,"column":127},"end":{"line":101,"column":128}},"loc":{"start":{"line":101,"column":133},"end":{"line":101,"column":135}},"line":101},"6":{"name":"(anonymous_6)","decl":{"start":{"line":113,"column":21},"end":{"line":113,"column":22}},"loc":{"start":{"line":113,"column":27},"end":{"line":113,"column":40}},"line":113},"7":{"name":"(anonymous_7)","decl":{"start":{"line":126,"column":22},"end":{"line":126,"column":23}},"loc":{"start":{"line":126,"column":28},"end":{"line":126,"column":55}},"line":126},"8":{"name":"(anonymous_8)","decl":{"start":{"line":151,"column":118},"end":{"line":151,"column":119}},"loc":{"start":{"line":151,"column":124},"end":{"line":151,"column":155}},"line":151},"9":{"name":"(anonymous_9)","decl":{"start":{"line":156,"column":109},"end":{"line":156,"column":110}},"loc":{"start":{"line":156,"column":115},"end":{"line":156,"column":117}},"line":156},"10":{"name":"(anonymous_10)","decl":{"start":{"line":160,"column":113},"end":{"line":160,"column":114}},"loc":{"start":{"line":160,"column":119},"end":{"line":160,"column":121}},"line":160},"11":{"name":"(anonymous_11)","decl":{"start":{"line":164,"column":101},"end":{"line":164,"column":102}},"loc":{"start":{"line":164,"column":107},"end":{"line":164,"column":109}},"line":164},"12":{"name":"(anonymous_12)","decl":{"start":{"line":168,"column":118},"end":{"line":168,"column":119}},"loc":{"start":{"line":168,"column":124},"end":{"line":168,"column":126}},"line":168},"13":{"name":"(anonymous_13)","decl":{"start":{"line":172,"column":120},"end":{"line":172,"column":121}},"loc":{"start":{"line":172,"column":126},"end":{"line":172,"column":128}},"line":172},"14":{"name":"(anonymous_14)","decl":{"start":{"line":176,"column":112},"end":{"line":176,"column":113}},"loc":{"start":{"line":176,"column":118},"end":{"line":176,"column":120}},"line":176},"15":{"name":"(anonymous_15)","decl":{"start":{"line":180,"column":108},"end":{"line":180,"column":109}},"loc":{"start":{"line":180,"column":114},"end":{"line":180,"column":116}},"line":180},"16":{"name":"(anonymous_16)","decl":{"start":{"line":184,"column":124},"end":{"line":184,"column":125}},"loc":{"start":{"line":184,"column":130},"end":{"line":184,"column":132}},"line":184},"17":{"name":"(anonymous_17)","decl":{"start":{"line":188,"column":115},"end":{"line":188,"column":116}},"loc":{"start":{"line":188,"column":121},"end":{"line":188,"column":123}},"line":188},"18":{"name":"(anonymous_18)","decl":{"start":{"line":192,"column":120},"end":{"line":192,"column":121}},"loc":{"start":{"line":192,"column":126},"end":{"line":192,"column":128}},"line":192},"19":{"name":"(anonymous_19)","decl":{"start":{"line":196,"column":126},"end":{"line":196,"column":127}},"loc":{"start":{"line":196,"column":132},"end":{"line":196,"column":134}},"line":196},"20":{"name":"(anonymous_20)","decl":{"start":{"line":200,"column":107},"end":{"line":200,"column":108}},"loc":{"start":{"line":200,"column":113},"end":{"line":200,"column":115}},"line":200},"21":{"name":"(anonymous_21)","decl":{"start":{"line":204,"column":114},"end":{"line":204,"column":115}},"loc":{"start":{"line":204,"column":120},"end":{"line":204,"column":122}},"line":204},"22":{"name":"(anonymous_22)","decl":{"start":{"line":208,"column":119},"end":{"line":208,"column":120}},"loc":{"start":{"line":208,"column":125},"end":{"line":208,"column":127}},"line":208},"23":{"name":"(anonymous_23)","decl":{"start":{"line":212,"column":113},"end":{"line":212,"column":114}},"loc":{"start":{"line":212,"column":119},"end":{"line":212,"column":121}},"line":212},"24":{"name":"(anonymous_24)","decl":{"start":{"line":216,"column":113},"end":{"line":216,"column":114}},"loc":{"start":{"line":216,"column":119},"end":{"line":216,"column":121}},"line":216},"25":{"name":"(anonymous_25)","decl":{"start":{"line":221,"column":102},"end":{"line":221,"column":103}},"loc":{"start":{"line":221,"column":108},"end":{"line":221,"column":110}},"line":221},"26":{"name":"(anonymous_26)","decl":{"start":{"line":243,"column":127},"end":{"line":243,"column":128}},"loc":{"start":{"line":243,"column":133},"end":{"line":243,"column":135}},"line":243},"27":{"name":"(anonymous_27)","decl":{"start":{"line":255,"column":21},"end":{"line":255,"column":22}},"loc":{"start":{"line":255,"column":27},"end":{"line":255,"column":39}},"line":255},"28":{"name":"(anonymous_28)","decl":{"start":{"line":268,"column":22},"end":{"line":268,"column":23}},"loc":{"start":{"line":268,"column":28},"end":{"line":268,"column":55}},"line":268}},"branchMap":{},"s":{"0":2,"1":2,"2":19,"3":19,"4":5,"5":19,"6":1,"7":19,"8":19,"9":19,"10":1,"11":19,"12":1,"13":19,"14":1,"15":1,"16":1,"17":5,"18":1},"f":{"0":19,"1":5,"2":1,"3":1,"4":1,"5":0,"6":1,"7":1,"8":1,"9":0,"10":0,"11":0,"12":0,"13":0,"14":0,"15":0,"16":0,"17":0,"18":0,"19":0,"20":0,"21":0,"22":0,"23":0,"24":0,"25":0,"26":0,"27":5,"28":1},"b":{},"_coverageSchema":"1a1c01bbd47fc00a2c39e90264f33305004495a9","hash":"7eb80150d219c08d1725ca7c72f709d07d04bd80"}
,"/home/viswak/Desktop/Projects/react-assignments/assignment3/src/components/organisms/Card/index.tsx": {"path":"/home/viswak/Desktop/Projects/react-assignments/assignment3/src/components/organisms/Card/index.tsx","statementMap":{"0":{"start":{"line":25,"column":22},"end":{"line":113,"column":1}},"1":{"start":{"line":26,"column":32},"end":{"line":26,"column":87}},"2":{"start":{"line":28,"column":18},"end":{"line":30,"column":3}},"3":{"start":{"line":29,"column":4},"end":{"line":29,"column":27}},"4":{"start":{"line":31,"column":19},"end":{"line":33,"column":3}},"5":{"start":{"line":32,"column":4},"end":{"line":32,"column":26}},"6":{"start":{"line":36,"column":2},"end":{"line":86,"column":3}},"7":{"start":{"line":37,"column":4},"end":{"line":42,"column":11}},"8":{"start":{"line":43,"column":8},"end":{"line":86,"column":3}},"9":{"start":{"line":44,"column":4},"end":{"line":56,"column":5}},"10":{"start":{"line":57,"column":8},"end":{"line":86,"column":3}},"11":{"start":{"line":58,"column":4},"end":{"line":71,"column":5}},"12":{"start":{"line":72,"column":8},"end":{"line":86,"column":3}},"13":{"start":{"line":73,"column":4},"end":{"line":85,"column":5}},"14":{"start":{"line":88,"column":2},"end":{"line":112,"column":3}}},"fnMap":{"0":{"name":"(anonymous_0)","decl":{"start":{"line":25,"column":22},"end":{"line":25,"column":23}},"loc":{"start":{"line":25,"column":102},"end":{"line":113,"column":1}},"line":25},"1":{"name":"(anonymous_1)","decl":{"start":{"line":28,"column":18},"end":{"line":28,"column":19}},"loc":{"start":{"line":28,"column":62},"end":{"line":30,"column":3}},"line":28},"2":{"name":"(anonymous_2)","decl":{"start":{"line":31,"column":19},"end":{"line":31,"column":20}},"loc":{"start":{"line":31,"column":63},"end":{"line":33,"column":3}},"line":31},"3":{"name":"(anonymous_3)","decl":{"start":{"line":105,"column":138},"end":{"line":105,"column":139}},"loc":{"start":{"line":105,"column":144},"end":{"line":105,"column":146}},"line":105},"4":{"name":"(anonymous_4)","decl":{"start":{"line":106,"column":133},"end":{"line":106,"column":134}},"loc":{"start":{"line":106,"column":139},"end":{"line":106,"column":141}},"line":106}},"branchMap":{"0":{"loc":{"start":{"line":36,"column":2},"end":{"line":86,"column":3}},"type":"if","locations":[{"start":{"line":36,"column":2},"end":{"line":86,"column":3}},{"start":{"line":43,"column":8},"end":{"line":86,"column":3}}],"line":36},"1":{"loc":{"start":{"line":43,"column":8},"end":{"line":86,"column":3}},"type":"if","locations":[{"start":{"line":43,"column":8},"end":{"line":86,"column":3}},{"start":{"line":57,"column":8},"end":{"line":86,"column":3}}],"line":43},"2":{"loc":{"start":{"line":57,"column":8},"end":{"line":86,"column":3}},"type":"if","locations":[{"start":{"line":57,"column":8},"end":{"line":86,"column":3}},{"start":{"line":72,"column":8},"end":{"line":86,"column":3}}],"line":57},"3":{"loc":{"start":{"line":72,"column":8},"end":{"line":86,"column":3}},"type":"if","locations":[{"start":{"line":72,"column":8},"end":{"line":86,"column":3}},{"start":{},"end":{}}],"line":72}},"s":{"0":2,"1":10,"2":10,"3":1,"4":10,"5":1,"6":10,"7":1,"8":9,"9":2,"10":7,"11":2,"12":5,"13":5,"14":10},"f":{"0":10,"1":1,"2":1,"3":0,"4":0},"b":{"0":[1,9],"1":[2,7],"2":[2,5],"3":[5,0]},"_coverageSchema":"1a1c01bbd47fc00a2c39e90264f33305004495a9","hash":"bc9fc4f1e2a9e8fff06443bf35cfdc1b25a196cc"}
,"/home/viswak/Desktop/Projects/react-assignments/assignment3/src/components/templates/BlinkistTemplate/index.tsx": {"path":"/home/viswak/Desktop/Projects/react-assignments/assignment3/src/components/templates/BlinkistTemplate/index.tsx","statementMap":{"0":{"start":{"line":11,"column":2},"end":{"line":19,"column":3}}},"fnMap":{"0":{"name":"Template","decl":{"start":{"line":10,"column":9},"end":{"line":10,"column":17}},"loc":{"start":{"line":10,"column":45},"end":{"line":20,"column":1}},"line":10}},"branchMap":{},"s":{"0":1},"f":{"0":1},"b":{},"_coverageSchema":"1a1c01bbd47fc00a2c39e90264f33305004495a9","hash":"408ffa7321e7bbed945467637866536c188f2015"}
}
