TN:
SF:src/components/atoms/Button/index.tsx
FN:58,(anonymous_0)
FNF:1
FNH:1
FNDA:75,(anonymous_0)
DA:50,4
DA:58,4
DA:59,75
LF:3
LH:3
BRF:0
BRH:0
end_of_record
TN:
SF:src/components/atoms/Icon/index.tsx
FN:11,(anonymous_0)
FNF:1
FNH:1
FNDA:213,(anonymous_0)
DA:11,4
DA:12,213
LF:2
LH:2
BRF:0
BRH:0
end_of_record
TN:
SF:src/components/atoms/Image/index.tsx
FN:9,(anonymous_0)
FNF:1
FNH:1
FNDA:11,(anonymous_0)
DA:9,3
DA:10,11
LF:2
LH:2
BRF:0
BRH:0
end_of_record
TN:
SF:src/components/molecules/Avatar/index.tsx
FN:10,(anonymous_0)
FN:28,(anonymous_1)
FN:40,(anonymous_2)
FNF:3
FNH:3
FNDA:1,(anonymous_0)
FNDA:33,(anonymous_1)
FNDA:33,(anonymous_2)
DA:10,3
DA:11,1
DA:14,1
DA:15,15
DA:18,1
DA:20,1
DA:21,3
DA:22,3
DA:25,1
DA:28,3
DA:29,33
DA:30,33
DA:31,4
DA:33,29
DA:35,33
DA:40,3
DA:41,33
DA:42,1
DA:44,33
LF:19
LH:19
BRDA:30,0,0,4
BRDA:30,0,1,29
BRDA:41,1,0,1
BRDA:41,1,1,32
BRF:4
BRH:4
end_of_record
TN:
SF:src/components/molecules/Footer/index.tsx
FN:6,FooterComponent
FNF:1
FNH:1
FNDA:2,FooterComponent
DA:7,2
LF:1
LH:1
BRF:0
BRH:0
end_of_record
TN:
SF:src/components/molecules/TextField/index.tsx
FN:12,(anonymous_0)
FNF:1
FNH:1
FNDA:2,(anonymous_0)
DA:12,2
DA:13,2
LF:2
LH:2
BRF:0
BRH:0
end_of_record
TN:
SF:src/components/organisms/AppBar/index.tsx
FN:61,(anonymous_0)
FN:64,(anonymous_1)
FN:65,(anonymous_2)
FN:71,(anonymous_3)
FN:74,(anonymous_4)
FN:101,(anonymous_5)
FN:113,(anonymous_6)
FN:126,(anonymous_7)
FN:151,(anonymous_8)
FN:156,(anonymous_9)
FN:160,(anonymous_10)
FN:164,(anonymous_11)
FN:168,(anonymous_12)
FN:172,(anonymous_13)
FN:176,(anonymous_14)
FN:180,(anonymous_15)
FN:184,(anonymous_16)
FN:188,(anonymous_17)
FN:192,(anonymous_18)
FN:196,(anonymous_19)
FN:200,(anonymous_20)
FN:204,(anonymous_21)
FN:208,(anonymous_22)
FN:212,(anonymous_23)
FN:216,(anonymous_24)
FN:221,(anonymous_25)
FN:243,(anonymous_26)
FN:255,(anonymous_27)
FN:268,(anonymous_28)
FNF:29
FNH:10
FNDA:19,(anonymous_0)
FNDA:5,(anonymous_1)
FNDA:1,(anonymous_2)
FNDA:1,(anonymous_3)
FNDA:1,(anonymous_4)
FNDA:0,(anonymous_5)
FNDA:1,(anonymous_6)
FNDA:1,(anonymous_7)
FNDA:1,(anonymous_8)
FNDA:0,(anonymous_9)
FNDA:0,(anonymous_10)
FNDA:0,(anonymous_11)
FNDA:0,(anonymous_12)
FNDA:0,(anonymous_13)
FNDA:0,(anonymous_14)
FNDA:0,(anonymous_15)
FNDA:0,(anonymous_16)
FNDA:0,(anonymous_17)
FNDA:0,(anonymous_18)
FNDA:0,(anonymous_19)
FNDA:0,(anonymous_20)
FNDA:0,(anonymous_21)
FNDA:0,(anonymous_22)
FNDA:0,(anonymous_23)
FNDA:0,(anonymous_24)
FNDA:0,(anonymous_25)
FNDA:0,(anonymous_26)
FNDA:5,(anonymous_27)
FNDA:1,(anonymous_28)
DA:49,2
DA:61,2
DA:63,19
DA:64,19
DA:65,19
DA:67,19
DA:69,19
DA:71,19
DA:72,1
DA:74,19
DA:75,1
DA:78,19
DA:113,1
DA:126,1
DA:151,1
DA:255,5
DA:268,1
LF:17
LH:17
BRF:0
BRH:0
end_of_record
TN:
SF:src/components/organisms/Card/index.tsx
FN:25,(anonymous_0)
FN:28,(anonymous_1)
FN:31,(anonymous_2)
FN:105,(anonymous_3)
FN:106,(anonymous_4)
FNF:5
FNH:3
FNDA:10,(anonymous_0)
FNDA:1,(anonymous_1)
FNDA:1,(anonymous_2)
FNDA:0,(anonymous_3)
FNDA:0,(anonymous_4)
DA:25,2
DA:26,10
DA:28,10
DA:29,1
DA:31,10
DA:32,1
DA:36,10
DA:37,1
DA:43,9
DA:44,2
DA:57,7
DA:58,2
DA:72,5
DA:73,5
DA:88,10
LF:15
LH:15
BRDA:36,0,0,1
BRDA:36,0,1,9
BRDA:43,1,0,2
BRDA:43,1,1,7
BRDA:57,2,0,2
BRDA:57,2,1,5
BRDA:72,3,0,5
BRDA:72,3,1,0
BRF:8
BRH:7
end_of_record
TN:
SF:src/components/templates/BlinkistTemplate/index.tsx
FN:10,Template
FNF:1
FNH:1
FNDA:1,Template
DA:11,1
LF:1
LH:1
BRF:0
BRH:0
end_of_record
